<?xml version="1.0" encoding="UTF-8"?>
<coverage generated="1768654207916" clover="3.2.0">
  <project timestamp="1768654207916" name="All files">
    <metrics statements="68" coveredstatements="68" conditionals="42" coveredconditionals="39" methods="28" coveredmethods="28" elements="138" coveredelements="135" complexity="0" loc="68" ncloc="68" packages="1" files="3" classes="3"/>
    <file name="ProjectCreate.tsx" path="/workspaces/atooshi_prot/src/pages/ProjectCreate.tsx">
      <metrics statements="12" coveredstatements="12" conditionals="2" coveredconditionals="2" methods="5" coveredmethods="5"/>
      <line num="12" count="21" type="stmt"/>
      <line num="13" count="21" type="stmt"/>
      <line num="14" count="2" type="stmt"/>
      <line num="15" count="2" type="cond" truecount="2" falsecount="0"/>
      <line num="24" count="21" type="stmt"/>
      <line num="25" count="19" type="stmt"/>
      <line num="26" count="19" type="stmt"/>
      <line num="29" count="21" type="stmt"/>
      <line num="30" count="1" type="stmt"/>
      <line num="31" count="1" type="stmt"/>
      <line num="32" count="1" type="stmt"/>
      <line num="35" count="21" type="stmt"/>
    </file>
    <file name="ProjectCreateConfirm.tsx" path="/workspaces/atooshi_prot/src/pages/ProjectCreateConfirm.tsx">
      <metrics statements="28" coveredstatements="28" conditionals="30" coveredconditionals="29" methods="8" coveredmethods="8"/>
      <line num="38" count="10" type="stmt"/>
      <line num="39" count="10" type="stmt"/>
      <line num="40" count="10" type="stmt"/>
      <line num="41" count="10" type="stmt"/>
      <line num="42" count="10" type="stmt"/>
      <line num="44" count="10" type="stmt"/>
      <line num="45" count="5" type="stmt"/>
      <line num="46" count="5" type="stmt"/>
      <line num="47" count="5" type="stmt"/>
      <line num="49" count="5" type="cond" truecount="2" falsecount="0"/>
      <line num="50" count="5" type="cond" truecount="2" falsecount="0"/>
      <line num="51" count="5" type="cond" truecount="2" falsecount="0"/>
      <line num="54" count="10" type="stmt"/>
      <line num="55" count="1" type="stmt"/>
      <line num="57" count="1" type="stmt"/>
      <line num="60" count="1" type="stmt"/>
      <line num="61" count="1" type="stmt"/>
      <line num="62" count="1" type="stmt"/>
      <line num="65" count="1" type="stmt"/>
      <line num="68" count="10" type="stmt"/>
      <line num="69" count="4" type="cond" truecount="2" falsecount="0"/>
      <line num="70" count="3" type="stmt"/>
      <line num="73" count="10" type="cond" truecount="4" falsecount="0"/>
      <line num="74" count="6" type="stmt"/>
      <line num="86" count="4" type="stmt"/>
      <line num="198" count="1" type="cond" truecount="2" falsecount="0"/>
      <line num="200" count="1" type="stmt"/>
      <line num="201" count="1" type="stmt"/>
    </file>
    <file name="ProjectCreateTeam.tsx" path="/workspaces/atooshi_prot/src/pages/ProjectCreateTeam.tsx">
      <metrics statements="28" coveredstatements="28" conditionals="10" coveredconditionals="8" methods="15" coveredmethods="15"/>
      <line num="12" count="41" type="stmt"/>
      <line num="14" count="41" type="stmt"/>
      <line num="15" count="7" type="stmt"/>
      <line num="16" count="7" type="cond" truecount="2" falsecount="0"/>
      <line num="23" count="41" type="stmt"/>
      <line num="24" count="7" type="stmt"/>
      <line num="25" count="7" type="cond" truecount="2" falsecount="0"/>
      <line num="28" count="41" type="stmt"/>
      <line num="29" count="12" type="stmt"/>
      <line num="30" count="12" type="stmt"/>
      <line num="33" count="41" type="stmt"/>
      <line num="34" count="2" type="stmt"/>
      <line num="37" count="41" type="stmt"/>
      <line num="38" count="1" type="cond" truecount="1" falsecount="1"/>
      <line num="39" count="2" type="stmt"/>
      <line num="43" count="41" type="stmt"/>
      <line num="44" count="19" type="stmt"/>
      <line num="45" count="19" type="cond" truecount="1" falsecount="1"/>
      <line num="49" count="41" type="stmt"/>
      <line num="50" count="2" type="stmt"/>
      <line num="51" count="2" type="stmt"/>
      <line num="52" count="2" type="stmt"/>
      <line num="53" count="2" type="stmt"/>
      <line num="56" count="41" type="stmt"/>
      <line num="125" count="44" type="stmt"/>
      <line num="129" count="17" type="stmt"/>
      <line num="136" count="2" type="stmt"/>
      <line num="144" count="1" type="stmt"/>
    </file>
  </project>
</coverage>
