{"/workspaces/atooshi_prot/src/pages/ProjectCreate.tsx": {"path":"/workspaces/atooshi_prot/src/pages/ProjectCreate.tsx","statementMap":{"0":{"start":{"line":12,"column":8},"end":{"line":12,"column":null}},"1":{"start":{"line":13,"column":30},"end":{"line":22,"column":null}},"2":{"start":{"line":14,"column":18},"end":{"line":14,"column":null}},"3":{"start":{"line":15,"column":4},"end":{"line":21,"column":null}},"4":{"start":{"line":24,"column":23},"end":{"line":27,"column":null}},"5":{"start":{"line":25,"column":28},"end":{"line":25,"column":null}},"6":{"start":{"line":26,"column":4},"end":{"line":26,"column":null}},"7":{"start":{"line":26,"column":44},"end":{"line":26,"column":71}},"8":{"start":{"line":29,"column":23},"end":{"line":33,"column":null}},"9":{"start":{"line":30,"column":4},"end":{"line":30,"column":null}},"10":{"start":{"line":31,"column":4},"end":{"line":31,"column":null}},"11":{"start":{"line":32,"column":4},"end":{"line":32,"column":null}},"12":{"start":{"line":35,"column":2},"end":{"line":159,"column":null}}},"fnMap":{"0":{"name":"ProjectCreate","decl":{"start":{"line":11,"column":24},"end":{"line":11,"column":40}},"loc":{"start":{"line":11,"column":40},"end":{"line":161,"column":null}},"line":11},"1":{"name":"(anonymous_1)","decl":{"start":{"line":13,"column":43},"end":{"line":13,"column":49}},"loc":{"start":{"line":13,"column":49},"end":{"line":22,"column":3}},"line":13},"2":{"name":"(anonymous_2)","decl":{"start":{"line":24,"column":23},"end":{"line":24,"column":24}},"loc":{"start":{"line":24,"column":109},"end":{"line":27,"column":null}},"line":24},"3":{"name":"(anonymous_3)","decl":{"start":{"line":26,"column":16},"end":{"line":26,"column":17}},"loc":{"start":{"line":26,"column":44},"end":{"line":26,"column":71}},"line":26},"4":{"name":"(anonymous_4)","decl":{"start":{"line":29,"column":23},"end":{"line":29,"column":24}},"loc":{"start":{"line":29,"column":47},"end":{"line":33,"column":null}},"line":29}},"branchMap":{"0":{"loc":{"start":{"line":15,"column":11},"end":{"line":21,"column":null}},"type":"cond-expr","locations":[{"start":{"line":15,"column":19},"end":{"line":15,"column":39}},{"start":{"line":15,"column":39},"end":{"line":21,"column":null}}],"line":15}},"s":{"0":21,"1":21,"2":2,"3":2,"4":21,"5":19,"6":19,"7":19,"8":21,"9":1,"10":1,"11":1,"12":21},"f":{"0":21,"1":2,"2":19,"3":19,"4":1},"b":{"0":[1,1]},"meta":{"lastBranch":1,"lastFunction":5,"lastStatement":13,"seen":{"f:11:24:11:40":0,"s:12:8:12:Infinity":0,"s:13:30:22:Infinity":1,"f:13:43:13:49":1,"s:14:18:14:Infinity":2,"s:15:4:21:Infinity":3,"b:15:19:15:39:15:39:21:Infinity":0,"s:24:23:27:Infinity":4,"f:24:23:24:24":2,"s:25:28:25:Infinity":5,"s:26:4:26:Infinity":6,"f:26:16:26:17":3,"s:26:44:26:71":7,"s:29:23:33:Infinity":8,"f:29:23:29:24":4,"s:30:4:30:Infinity":9,"s:31:4:31:Infinity":10,"s:32:4:32:Infinity":11,"s:35:2:159:Infinity":12}}}
,"/workspaces/atooshi_prot/src/pages/ProjectCreateConfirm.tsx": {"path":"/workspaces/atooshi_prot/src/pages/ProjectCreateConfirm.tsx","statementMap":{"0":{"start":{"line":38,"column":8},"end":{"line":38,"column":null}},"1":{"start":{"line":39,"column":32},"end":{"line":39,"column":null}},"2":{"start":{"line":40,"column":30},"end":{"line":40,"column":null}},"3":{"start":{"line":41,"column":24},"end":{"line":41,"column":null}},"4":{"start":{"line":42,"column":38},"end":{"line":42,"column":null}},"5":{"start":{"line":44,"column":2},"end":{"line":52,"column":null}},"6":{"start":{"line":45,"column":18},"end":{"line":45,"column":null}},"7":{"start":{"line":46,"column":17},"end":{"line":46,"column":null}},"8":{"start":{"line":47,"column":22},"end":{"line":47,"column":null}},"9":{"start":{"line":49,"column":4},"end":{"line":49,"column":null}},"10":{"start":{"line":49,"column":15},"end":{"line":49,"column":null}},"11":{"start":{"line":50,"column":4},"end":{"line":50,"column":null}},"12":{"start":{"line":50,"column":14},"end":{"line":50,"column":null}},"13":{"start":{"line":51,"column":4},"end":{"line":51,"column":null}},"14":{"start":{"line":51,"column":19},"end":{"line":51,"column":null}},"15":{"start":{"line":54,"column":23},"end":{"line":66,"column":null}},"16":{"start":{"line":55,"column":4},"end":{"line":55,"column":null}},"17":{"start":{"line":57,"column":4},"end":{"line":57,"column":null}},"18":{"start":{"line":57,"column":33},"end":{"line":57,"column":58}},"19":{"start":{"line":60,"column":4},"end":{"line":60,"column":null}},"20":{"start":{"line":61,"column":4},"end":{"line":61,"column":null}},"21":{"start":{"line":62,"column":4},"end":{"line":62,"column":null}},"22":{"start":{"line":65,"column":4},"end":{"line":65,"column":null}},"23":{"start":{"line":68,"column":23},"end":{"line":71,"column":null}},"24":{"start":{"line":69,"column":4},"end":{"line":69,"column":null}},"25":{"start":{"line":69,"column":17},"end":{"line":69,"column":null}},"26":{"start":{"line":70,"column":4},"end":{"line":70,"column":null}},"27":{"start":{"line":73,"column":2},"end":{"line":84,"column":null}},"28":{"start":{"line":74,"column":4},"end":{"line":82,"column":null}},"29":{"start":{"line":86,"column":2},"end":{"line":250,"column":null}},"30":{"start":{"line":198,"column":37},"end":{"line":198,"column":43}},"31":{"start":{"line":200,"column":41},"end":{"line":200,"column":47}},"32":{"start":{"line":201,"column":24},"end":{"line":206,"column":null}}},"fnMap":{"0":{"name":"ProjectCreateConfirm","decl":{"start":{"line":37,"column":24},"end":{"line":37,"column":47}},"loc":{"start":{"line":37,"column":47},"end":{"line":252,"column":null}},"line":37},"1":{"name":"(anonymous_1)","decl":{"start":{"line":44,"column":12},"end":{"line":44,"column":18}},"loc":{"start":{"line":44,"column":18},"end":{"line":52,"column":5}},"line":44},"2":{"name":"(anonymous_2)","decl":{"start":{"line":54,"column":23},"end":{"line":54,"column":35}},"loc":{"start":{"line":54,"column":35},"end":{"line":66,"column":null}},"line":54},"3":{"name":"(anonymous_3)","decl":{"start":{"line":57,"column":22},"end":{"line":57,"column":33}},"loc":{"start":{"line":57,"column":33},"end":{"line":57,"column":58}},"line":57},"4":{"name":"(anonymous_4)","decl":{"start":{"line":68,"column":23},"end":{"line":68,"column":24}},"loc":{"start":{"line":68,"column":43},"end":{"line":71,"column":null}},"line":68},"5":{"name":"(anonymous_5)","decl":{"start":{"line":198,"column":32},"end":{"line":198,"column":37}},"loc":{"start":{"line":198,"column":37},"end":{"line":198,"column":43}},"line":198},"6":{"name":"(anonymous_6)","decl":{"start":{"line":200,"column":36},"end":{"line":200,"column":41}},"loc":{"start":{"line":200,"column":41},"end":{"line":200,"column":47}},"line":200},"7":{"name":"(anonymous_7)","decl":{"start":{"line":200,"column":53},"end":{"line":200,"column":null}},"loc":{"start":{"line":201,"column":24},"end":{"line":206,"column":null}},"line":201}},"branchMap":{"0":{"loc":{"start":{"line":49,"column":4},"end":{"line":49,"column":null}},"type":"if","locations":[{"start":{"line":49,"column":4},"end":{"line":49,"column":null}},{"start":{},"end":{}}],"line":49},"1":{"loc":{"start":{"line":50,"column":4},"end":{"line":50,"column":null}},"type":"if","locations":[{"start":{"line":50,"column":4},"end":{"line":50,"column":null}},{"start":{},"end":{}}],"line":50},"2":{"loc":{"start":{"line":51,"column":4},"end":{"line":51,"column":null}},"type":"if","locations":[{"start":{"line":51,"column":4},"end":{"line":51,"column":null}},{"start":{},"end":{}}],"line":51},"3":{"loc":{"start":{"line":69,"column":4},"end":{"line":69,"column":null}},"type":"if","locations":[{"start":{"line":69,"column":4},"end":{"line":69,"column":null}},{"start":{},"end":{}}],"line":69},"4":{"loc":{"start":{"line":73,"column":2},"end":{"line":84,"column":null}},"type":"if","locations":[{"start":{"line":73,"column":2},"end":{"line":84,"column":null}},{"start":{},"end":{}}],"line":73},"5":{"loc":{"start":{"line":73,"column":6},"end":{"line":73,"column":31}},"type":"binary-expr","locations":[{"start":{"line":73,"column":6},"end":{"line":73,"column":20}},{"start":{"line":73,"column":20},"end":{"line":73,"column":31}}],"line":73},"6":{"loc":{"start":{"line":133,"column":62},"end":{"line":133,"column":86}},"type":"binary-expr","locations":[{"start":{"line":133,"column":62},"end":{"line":133,"column":80}},{"start":{"line":133,"column":80},"end":{"line":133,"column":86}}],"line":133},"7":{"loc":{"start":{"line":140,"column":50},"end":{"line":140,"column":81}},"type":"binary-expr","locations":[{"start":{"line":140,"column":50},"end":{"line":140,"column":75}},{"start":{"line":140,"column":75},"end":{"line":140,"column":81}}],"line":140},"8":{"loc":{"start":{"line":161,"column":70},"end":{"line":161,"column":101}},"type":"binary-expr","locations":[{"start":{"line":161,"column":70},"end":{"line":161,"column":95}},{"start":{"line":161,"column":95},"end":{"line":161,"column":101}}],"line":161},"9":{"loc":{"start":{"line":184,"column":62},"end":{"line":184,"column":90}},"type":"binary-expr","locations":[{"start":{"line":184,"column":62},"end":{"line":184,"column":84}},{"start":{"line":184,"column":84},"end":{"line":184,"column":90}}],"line":184},"10":{"loc":{"start":{"line":191,"column":50},"end":{"line":191,"column":81}},"type":"binary-expr","locations":[{"start":{"line":191,"column":50},"end":{"line":191,"column":75}},{"start":{"line":191,"column":75},"end":{"line":191,"column":81}}],"line":191},"11":{"loc":{"start":{"line":198,"column":19},"end":{"line":210,"column":null}},"type":"cond-expr","locations":[{"start":{"line":199,"column":20},"end":{"line":208,"column":null}},{"start":{"line":210,"column":20},"end":{"line":210,"column":null}}],"line":198},"12":{"loc":{"start":{"line":205,"column":40},"end":{"line":205,"column":56}},"type":"binary-expr","locations":[{"start":{"line":205,"column":40},"end":{"line":205,"column":54}},{"start":{"line":205,"column":54},"end":{"line":205,"column":56}}],"line":205},"13":{"loc":{"start":{"line":218,"column":70},"end":{"line":218,"column":104}},"type":"binary-expr","locations":[{"start":{"line":218,"column":70},"end":{"line":218,"column":98}},{"start":{"line":218,"column":98},"end":{"line":218,"column":104}}],"line":218},"14":{"loc":{"start":{"line":238,"column":15},"end":{"line":244,"column":null}},"type":"cond-expr","locations":[{"start":{"line":239,"column":16},"end":{"line":239,"column":null}},{"start":{"line":241,"column":16},"end":{"line":244,"column":null}}],"line":238}},"s":{"0":10,"1":10,"2":10,"3":10,"4":10,"5":10,"6":5,"7":5,"8":5,"9":5,"10":4,"11":5,"12":3,"13":5,"14":3,"15":10,"16":1,"17":1,"18":1,"19":1,"20":1,"21":1,"22":1,"23":10,"24":4,"25":1,"26":3,"27":10,"28":6,"29":4,"30":1,"31":1,"32":1},"f":{"0":10,"1":5,"2":1,"3":1,"4":4,"5":1,"6":1,"7":1},"b":{"0":[4,1],"1":[3,2],"2":[3,2],"3":[1,3],"4":[6,4],"5":[10,5],"6":[4,1],"7":[10,1],"8":[10,1],"9":[10,1],"10":[10,1],"11":[1,3],"12":[1,0],"13":[10,1],"14":[1,3]},"meta":{"lastBranch":15,"lastFunction":8,"lastStatement":33,"seen":{"f:37:24:37:47":0,"s:38:8:38:Infinity":0,"s:39:32:39:Infinity":1,"s:40:30:40:Infinity":2,"s:41:24:41:Infinity":3,"s:42:38:42:Infinity":4,"s:44:2:52:Infinity":5,"f:44:12:44:18":1,"s:45:18:45:Infinity":6,"s:46:17:46:Infinity":7,"s:47:22:47:Infinity":8,"b:49:4:49:Infinity:undefined:undefined:undefined:undefined":0,"s:49:4:49:Infinity":9,"s:49:15:49:Infinity":10,"b:50:4:50:Infinity:undefined:undefined:undefined:undefined":1,"s:50:4:50:Infinity":11,"s:50:14:50:Infinity":12,"b:51:4:51:Infinity:undefined:undefined:undefined:undefined":2,"s:51:4:51:Infinity":13,"s:51:19:51:Infinity":14,"s:54:23:66:Infinity":15,"f:54:23:54:35":2,"s:55:4:55:Infinity":16,"s:57:4:57:Infinity":17,"f:57:22:57:33":3,"s:57:33:57:58":18,"s:60:4:60:Infinity":19,"s:61:4:61:Infinity":20,"s:62:4:62:Infinity":21,"s:65:4:65:Infinity":22,"s:68:23:71:Infinity":23,"f:68:23:68:24":4,"b:69:4:69:Infinity:undefined:undefined:undefined:undefined":3,"s:69:4:69:Infinity":24,"s:69:17:69:Infinity":25,"s:70:4:70:Infinity":26,"b:73:2:84:Infinity:undefined:undefined:undefined:undefined":4,"s:73:2:84:Infinity":27,"b:73:6:73:20:73:20:73:31":5,"s:74:4:82:Infinity":28,"s:86:2:250:Infinity":29,"b:133:62:133:80:133:80:133:86":6,"b:140:50:140:75:140:75:140:81":7,"b:161:70:161:95:161:95:161:101":8,"b:184:62:184:84:184:84:184:90":9,"b:191:50:191:75:191:75:191:81":10,"b:199:20:208:Infinity:210:20:210:Infinity":11,"f:198:32:198:37":5,"s:198:37:198:43":30,"f:200:36:200:41":6,"s:200:41:200:47":31,"f:200:53:200:Infinity":7,"s:201:24:206:Infinity":32,"b:205:40:205:54:205:54:205:56":12,"b:218:70:218:98:218:98:218:104":13,"b:239:16:239:Infinity:241:16:244:Infinity":14}}}
,"/workspaces/atooshi_prot/src/pages/ProjectCreateTeam.tsx": {"path":"/workspaces/atooshi_prot/src/pages/ProjectCreateTeam.tsx","statementMap":{"0":{"start":{"line":12,"column":8},"end":{"line":12,"column":null}},"1":{"start":{"line":14,"column":30},"end":{"line":21,"column":null}},"2":{"start":{"line":15,"column":18},"end":{"line":15,"column":null}},"3":{"start":{"line":16,"column":4},"end":{"line":20,"column":null}},"4":{"start":{"line":23,"column":24},"end":{"line":26,"column":null}},"5":{"start":{"line":24,"column":18},"end":{"line":24,"column":null}},"6":{"start":{"line":25,"column":4},"end":{"line":25,"column":null}},"7":{"start":{"line":28,"column":23},"end":{"line":31,"column":null}},"8":{"start":{"line":29,"column":28},"end":{"line":29,"column":null}},"9":{"start":{"line":30,"column":4},"end":{"line":30,"column":null}},"10":{"start":{"line":30,"column":44},"end":{"line":30,"column":71}},"11":{"start":{"line":33,"column":18},"end":{"line":35,"column":null}},"12":{"start":{"line":34,"column":4},"end":{"line":34,"column":null}},"13":{"start":{"line":37,"column":21},"end":{"line":41,"column":null}},"14":{"start":{"line":38,"column":4},"end":{"line":40,"column":null}},"15":{"start":{"line":39,"column":6},"end":{"line":39,"column":null}},"16":{"start":{"line":39,"column":54},"end":{"line":39,"column":68}},"17":{"start":{"line":43,"column":21},"end":{"line":47,"column":null}},"18":{"start":{"line":44,"column":4},"end":{"line":46,"column":null}},"19":{"start":{"line":45,"column":6},"end":{"line":45,"column":null}},"20":{"start":{"line":49,"column":23},"end":{"line":54,"column":null}},"21":{"start":{"line":50,"column":4},"end":{"line":50,"column":null}},"22":{"start":{"line":51,"column":4},"end":{"line":51,"column":null}},"23":{"start":{"line":52,"column":4},"end":{"line":52,"column":null}},"24":{"start":{"line":53,"column":4},"end":{"line":53,"column":null}},"25":{"start":{"line":56,"column":2},"end":{"line":195,"column":null}},"26":{"start":{"line":125,"column":20},"end":{"line":150,"column":null}},"27":{"start":{"line":129,"column":41},"end":{"line":129,"column":null}},"28":{"start":{"line":136,"column":41},"end":{"line":136,"column":null}},"29":{"start":{"line":144,"column":41},"end":{"line":144,"column":null}}},"fnMap":{"0":{"name":"ProjectCreateTeam","decl":{"start":{"line":11,"column":24},"end":{"line":11,"column":44}},"loc":{"start":{"line":11,"column":44},"end":{"line":197,"column":null}},"line":11},"1":{"name":"(anonymous_1)","decl":{"start":{"line":14,"column":43},"end":{"line":14,"column":49}},"loc":{"start":{"line":14,"column":49},"end":{"line":21,"column":3}},"line":14},"2":{"name":"(anonymous_2)","decl":{"start":{"line":23,"column":37},"end":{"line":23,"column":43}},"loc":{"start":{"line":23,"column":43},"end":{"line":26,"column":3}},"line":23},"3":{"name":"(anonymous_3)","decl":{"start":{"line":28,"column":23},"end":{"line":28,"column":24}},"loc":{"start":{"line":28,"column":89},"end":{"line":31,"column":null}},"line":28},"4":{"name":"(anonymous_4)","decl":{"start":{"line":30,"column":16},"end":{"line":30,"column":17}},"loc":{"start":{"line":30,"column":44},"end":{"line":30,"column":71}},"line":30},"5":{"name":"(anonymous_5)","decl":{"start":{"line":33,"column":18},"end":{"line":33,"column":24}},"loc":{"start":{"line":33,"column":24},"end":{"line":35,"column":null}},"line":33},"6":{"name":"(anonymous_6)","decl":{"start":{"line":37,"column":21},"end":{"line":37,"column":22}},"loc":{"start":{"line":37,"column":37},"end":{"line":41,"column":null}},"line":37},"7":{"name":"(anonymous_7)","decl":{"start":{"line":39,"column":28},"end":{"line":39,"column":29}},"loc":{"start":{"line":39,"column":54},"end":{"line":39,"column":68}},"line":39},"8":{"name":"(anonymous_8)","decl":{"start":{"line":43,"column":21},"end":{"line":43,"column":22}},"loc":{"start":{"line":43,"column":77},"end":{"line":47,"column":null}},"line":43},"9":{"name":"(anonymous_9)","decl":{"start":{"line":44,"column":23},"end":{"line":44,"column":24}},"loc":{"start":{"line":45,"column":6},"end":{"line":45,"column":null}},"line":45},"10":{"name":"(anonymous_10)","decl":{"start":{"line":49,"column":23},"end":{"line":49,"column":24}},"loc":{"start":{"line":49,"column":47},"end":{"line":54,"column":null}},"line":49},"11":{"name":"(anonymous_11)","decl":{"start":{"line":124,"column":29},"end":{"line":124,"column":30}},"loc":{"start":{"line":125,"column":20},"end":{"line":150,"column":null}},"line":125},"12":{"name":"(anonymous_12)","decl":{"start":{"line":129,"column":34},"end":{"line":129,"column":35}},"loc":{"start":{"line":129,"column":41},"end":{"line":129,"column":null}},"line":129},"13":{"name":"(anonymous_13)","decl":{"start":{"line":136,"column":34},"end":{"line":136,"column":35}},"loc":{"start":{"line":136,"column":41},"end":{"line":136,"column":null}},"line":136},"14":{"name":"(anonymous_14)","decl":{"start":{"line":144,"column":35},"end":{"line":144,"column":41}},"loc":{"start":{"line":144,"column":41},"end":{"line":144,"column":null}},"line":144}},"branchMap":{"0":{"loc":{"start":{"line":16,"column":11},"end":{"line":20,"column":null}},"type":"cond-expr","locations":[{"start":{"line":16,"column":19},"end":{"line":16,"column":39}},{"start":{"line":16,"column":39},"end":{"line":20,"column":null}}],"line":16},"1":{"loc":{"start":{"line":25,"column":11},"end":{"line":25,"column":null}},"type":"cond-expr","locations":[{"start":{"line":25,"column":19},"end":{"line":25,"column":39}},{"start":{"line":25,"column":39},"end":{"line":25,"column":null}}],"line":25},"2":{"loc":{"start":{"line":38,"column":4},"end":{"line":40,"column":null}},"type":"if","locations":[{"start":{"line":38,"column":4},"end":{"line":40,"column":null}},{"start":{},"end":{}}],"line":38},"3":{"loc":{"start":{"line":45,"column":6},"end":{"line":45,"column":null}},"type":"cond-expr","locations":[{"start":{"line":45,"column":23},"end":{"line":45,"column":53}},{"start":{"line":45,"column":53},"end":{"line":45,"column":null}}],"line":45},"4":{"loc":{"start":{"line":141,"column":23},"end":{"line":148,"column":null}},"type":"binary-expr","locations":[{"start":{"line":141,"column":23},"end":{"line":141,"column":null}},{"start":{"line":142,"column":24},"end":{"line":148,"column":null}}],"line":141}},"s":{"0":41,"1":41,"2":7,"3":7,"4":41,"5":7,"6":7,"7":41,"8":12,"9":12,"10":12,"11":41,"12":2,"13":41,"14":1,"15":1,"16":2,"17":41,"18":19,"19":19,"20":41,"21":2,"22":2,"23":2,"24":2,"25":41,"26":44,"27":17,"28":2,"29":1},"f":{"0":41,"1":7,"2":7,"3":12,"4":12,"5":2,"6":1,"7":2,"8":19,"9":19,"10":2,"11":44,"12":17,"13":2,"14":1},"b":{"0":[1,6],"1":[1,6],"2":[1,0],"3":[19,0],"4":[44,6]},"meta":{"lastBranch":5,"lastFunction":15,"lastStatement":30,"seen":{"f:11:24:11:44":0,"s:12:8:12:Infinity":0,"s:14:30:21:Infinity":1,"f:14:43:14:49":1,"s:15:18:15:Infinity":2,"s:16:4:20:Infinity":3,"b:16:19:16:39:16:39:20:Infinity":0,"s:23:24:26:Infinity":4,"f:23:37:23:43":2,"s:24:18:24:Infinity":5,"s:25:4:25:Infinity":6,"b:25:19:25:39:25:39:25:Infinity":1,"s:28:23:31:Infinity":7,"f:28:23:28:24":3,"s:29:28:29:Infinity":8,"s:30:4:30:Infinity":9,"f:30:16:30:17":4,"s:30:44:30:71":10,"s:33:18:35:Infinity":11,"f:33:18:33:24":5,"s:34:4:34:Infinity":12,"s:37:21:41:Infinity":13,"f:37:21:37:22":6,"b:38:4:40:Infinity:undefined:undefined:undefined:undefined":2,"s:38:4:40:Infinity":14,"s:39:6:39:Infinity":15,"f:39:28:39:29":7,"s:39:54:39:68":16,"s:43:21:47:Infinity":17,"f:43:21:43:22":8,"s:44:4:46:Infinity":18,"f:44:23:44:24":9,"s:45:6:45:Infinity":19,"b:45:23:45:53:45:53:45:Infinity":3,"s:49:23:54:Infinity":20,"f:49:23:49:24":10,"s:50:4:50:Infinity":21,"s:51:4:51:Infinity":22,"s:52:4:52:Infinity":23,"s:53:4:53:Infinity":24,"s:56:2:195:Infinity":25,"f:124:29:124:30":11,"s:125:20:150:Infinity":26,"f:129:34:129:35":12,"s:129:41:129:Infinity":27,"f:136:34:136:35":13,"s:136:41:136:Infinity":28,"b:141:23:141:Infinity:142:24:148:Infinity":4,"f:144:35:144:41":14,"s:144:41:144:Infinity":29}}}
}
